开始转换……
小程序路径:  F:/HBuilder.code/wxapp
搜索到41个文件(含目录)，耗时：2ms

开始分析文件
分析文件信息完成，共12组数据
开始转换文件组为vue文件
转换进度: 1 / 24   fileKey：app
转换进度: 2 / 24   fileKey：ec-canvas/ec-canvas
转换进度: 3 / 24   fileKey：ec-canvas/echarts
转换进度: 4 / 24   fileKey：ec-canvas/wx-canvas
转换进度: 5 / 24   fileKey：pages/index/index
[WARN] 文件 images/icon/icon-clander.png 不存在，但仍然对路径进行转换为相对于static目录，运行时需注意！   fileKey: pages/index/index
[WARN] 文件 images/icon/icon-tableware.png 不存在，但仍然对路径进行转换为相对于static目录，运行时需注意！   fileKey: pages/index/index
转换进度: 6 / 24   fileKey：pages/reservation/index
转换进度: 7 / 24   fileKey：pages/statistics/index
[WARN] 文件 images/icon/icon-check.png 不存在，但仍然对路径进行转换为相对于static目录，运行时需注意！   fileKey: pages/statistics/index
[WARN] 文件 images/icon/icon-empty.png 不存在，但仍然对路径进行转换为相对于static目录，运行时需注意！   fileKey: pages/statistics/index
转换进度: 8 / 24   fileKey：pages/user-info/index
转换进度: 9 / 24   fileKey：project.config
转换进度: 10 / 24   fileKey：project.private.config
转换进度: 11 / 24   fileKey：sitemap
转换进度: 12 / 24   fileKey：utils/util
开始二次遍历及生成vue文件
转换进度: 13 / 24   fileKey：app
转换进度: 14 / 24   fileKey：ec-canvas/ec-canvas
转换进度: 15 / 24   fileKey：ec-canvas/echarts
转换进度: 16 / 24   fileKey：ec-canvas/wx-canvas
转换进度: 17 / 24   fileKey：pages/index/index
转换进度: 18 / 24   fileKey：pages/reservation/index
转换进度: 19 / 24   fileKey：pages/statistics/index
转换进度: 20 / 24   fileKey：pages/user-info/index
转换进度: 21 / 24   fileKey：project.config
转换进度: 22 / 24   fileKey：project.private.config
转换进度: 23 / 24   fileKey：sitemap
转换进度: 24 / 24   fileKey：utils/util
write pages.json success!
write manifest.json success!
write main.js success!
write package.json success!


统计信息：

Component数量: 1
Page数量: 4
支付api数量: 0
登录api数量: 2
chooseMedia数量: 0
getLocation数量: 0
getRelationNodes数量: 0
<ad/>数量: 0
<map/>数量: 0
<video/>数量: 0
Vant组件: ， 数量：0

项目转换完成！
用时: 2.689s
工具版本：v2.2.6
在该小程序项目的同级目录可以看到_uni结尾的项目，即是转换好的uniapp项目，相关日志在该目录里。

使用说明：
    1.因各种原因，本工具并非100%完美转换！部分语法仍需人工处理！
    2.工具转换原理及说明文档参考：https://l4rz4zwpx7.k.topthink.com/@kmrvzg72lx/
    3.如遇运行报错，请添加QQ群(五群：536178289)带图反馈或https://github.com/zhangdaren/miniprogram-to-uniapp提交Issue！
    4.转换后请查阅_uni目录或_uni-cli目录里的 README.md 和 transform.log


